<?xml version="1.0" encoding="UTF-8"?>
<!-- Generated by org.testng.reporters.JUnitXMLReporter -->
<testsuite hostname="CP040" name="BingAutomation" tests="1" failures="1" timestamp="5 Dec 2016 18:00:38 GMT" time="8.903" errors="0">
  <testcase name="performSearchTest" time="1.87" classname="tests.SearchTests">
    <failure type="java.lang.AssertionError" message="The following asserts failed:
	Web site showed incorrect number of results: List of results: /nAutomation - Wikipedia, /nAutomation - Official Site, /nAutomation.com - News &amp;amp; Resources for Manufacturing ..., /nAutomation | Define Automation at Dictionary.com, /nIndustrial Automation - Products &amp;amp; Services - Siemens ..., /nAutomation | Definition of Automation by Merriam-Webster, /nAutomation Personnel Services - Temporary Staffing ..., /nAutomationDirect | The common sense way to buy industrial ..., /nAutomatisierung – Wikipedia, /nPerfection in Automation, /nRelated searches for automation expected [10] but found [11]">
      <![CDATA[java.lang.AssertionError: The following asserts failed:
	Web site showed incorrect number of results: List of results: /nAutomation - Wikipedia, /nAutomation - Official Site, /nAutomation.com - News & Resources for Manufacturing ..., /nAutomation | Define Automation at Dictionary.com, /nIndustrial Automation - Products & Services - Siemens ..., /nAutomation | Definition of Automation by Merriam-Webster, /nAutomation Personnel Services - Temporary Staffing ..., /nAutomationDirect | The common sense way to buy industrial ..., /nAutomatisierung – Wikipedia, /nPerfection in Automation, /nRelated searches for automation expected [10] but found [11]
	at tests.SearchTests.performSearchTest(SearchTests.java:25)
	at com.intellij.rt.execution.application.AppMain.main(AppMain.java:147)
... Removed 28 stack frames]]>
    </failure>
  </testcase> <!-- performSearchTest -->
</testsuite> <!-- BingAutomation -->
